<?xml version="1.0" encoding="UTF-8"?>
<!-- Generated by org.testng.reporters.JUnitXMLReporter -->
<testsuite ignored="6" hostname="LAPTOP-LR60D6IR" failures="0" tests="3" name="Test" time="0.148" errors="0" timestamp="2025-07-31T07:43:03 IST">
  <testcase classname="practiceSet3.Verify" name="m7" time="0.025"/>
  <testcase classname="practiceSet3.Verify" name="m8" time="0.003"/>
  <testcase classname="practiceSet3.Login" name="m4" time="0.003"/>
  <testcase classname="practiceSet3.Verify" name="m9" time="0.0">
    <ignored/>
  </testcase> <!-- m9 -->
  <testcase classname="practiceSet3.Login" name="m5" time="0.0">
    <ignored/>
  </testcase> <!-- m5 -->
  <testcase classname="practiceSet3.Login" name="m6" time="0.0">
    <ignored/>
  </testcase> <!-- m6 -->
  <testcase classname="practiceSet3.SignUp" name="m2" time="0.0">
    <ignored/>
  </testcase> <!-- m2 -->
  <testcase classname="practiceSet3.SignUp" name="m1" time="0.0">
    <ignored/>
  </testcase> <!-- m1 -->
  <testcase classname="practiceSet3.SignUp" name="m3" time="0.0">
    <ignored/>
  </testcase> <!-- m3 -->
</testsuite> <!-- Test -->
