<?xml version="1.0" encoding="UTF-8"?>
<!-- Generated by org.testng.reporters.JUnitXMLReporter -->
<testsuite ignored="0" hostname="LAPTOP-LR60D6IR" failures="0" tests="4" name="ChromeTest" time="30.038" errors="0" timestamp="2025-08-17T06:52:22 IST">
  <testcase classname="systemSetProperty1.MouseHover" name="logintoapp" time="4.863"/>
  <testcase classname="systemSetProperty1.MouseHover" name="logintoapp" time="5.047"/>
  <testcase classname="systemSetProperty1.MouseHover" name="logintoapp" time="4.803"/>
  <testcase classname="systemSetProperty1.MouseHover" name="logintoapp" time="4.355"/>
</testsuite> <!-- ChromeTest -->
