<?xml version="1.0" encoding="UTF-8"?>
<!-- Generated by org.testng.reporters.JUnitXMLReporter -->
<testsuite ignored="0" hostname="LAPTOP-LR60D6IR" failures="0" tests="3" name="EdgeTest" time="2.589" errors="0" timestamp="2025-10-05T08:25:53 IST">
  <testcase classname="dataProviderConcept.dataProviderConcept2" name="LoginMethod" time="0.0">
    <skipped/>
  </testcase> <!-- LoginMethod -->
  <testcase classname="dataProviderConcept.dataProviderConcept2" name="LoginMethod" time="0.0">
    <skipped/>
  </testcase> <!-- LoginMethod -->
  <testcase classname="dataProviderConcept.dataProviderConcept2" name="LoginMethod" time="0.0">
    <skipped/>
  </testcase> <!-- LoginMethod -->
</testsuite> <!-- EdgeTest -->
