<?xml version="1.0" encoding="UTF-8"?>
<!-- Generated by org.testng.reporters.JUnitXMLReporter -->
<testsuite ignored="0" hostname="LAPTOP-LR60D6IR" failures="0" tests="3" name="FirefoxTest" time="27.555" errors="0" timestamp="2025-10-05T08:26:17 IST">
  <testcase classname="dataProviderConcept.dataProviderConcept2" name="LoginMethod" time="8.022"/>
  <testcase classname="dataProviderConcept.dataProviderConcept2" name="LoginMethod" time="2.626"/>
  <testcase classname="dataProviderConcept.dataProviderConcept2" name="LoginMethod" time="2.042"/>
</testsuite> <!-- FirefoxTest -->
