<?xml version="1.0" encoding="UTF-8"?>
<!-- Generated by org.testng.reporters.JUnitXMLReporter -->
<testsuite ignored="0" hostname="LAPTOP-LR60D6IR" failures="2" tests="2" name="FirefoxTest" time="26.343" errors="0" timestamp="2025-08-02T08:06:56 IST">
  <testcase classname="practiceSet2.ExcelClass" name="Login" time="6.847">
    <failure type="org.openqa.selenium.ElementNotInteractableException" message="Element &amp;lt;input id=&amp;quot;passwordlogin&amp;quot; class=&amp;quot;form-control ng-untouched ng-pristine ng-invalid is-invalid&amp;quot; type=&amp;quot;password&amp;quot;&amp;gt; is not reachable by keyboard
Build info: version: &amp;apos;4.27.0&amp;apos;, revision: &amp;apos;d6e718d134&amp;apos;
System info: os.name: &amp;apos;Windows 11&amp;apos;, os.arch: &amp;apos;amd64&amp;apos;, os.version: &amp;apos;10.0&amp;apos;, java.version: &amp;apos;24.0.1&amp;apos;
Driver info: org.openqa.selenium.firefox.FirefoxDriver
Command: [119bcf20-be07-444a-b748-43fe09f21030, sendKeysToElement {value=[Ljava.lang.CharSequence;@66aa5e8e, id=d40dfb15-fed8-460a-a789-ca2f5d24730f}]
Capabilities {acceptInsecureCerts: true, browserName: firefox, browserVersion: 141.0, moz:accessibilityChecks: false, moz:buildID: 20250717180000, moz:geckodriverVersion: 0.36.0, moz:headless: false, moz:platformVersion: 10.0, moz:processID: 25424, moz:profile: C:\Users\Lenovo\AppData\Loc..., moz:shutdownTimeout: 60000, moz:webdriverClick: true, moz:windowless: false, pageLoadStrategy: normal, platformName: windows, proxy: Proxy(), setWindowRect: true, strictFileInteractability: false, timeouts: {implicit: 0, pageLoad: 300000, script: 30000}, unhandledPromptBehavior: dismiss and notify, userAgent: Mozilla/5.0 (Windows NT 10....}
Element: [[FirefoxDriver: firefox on windows (119bcf20-be07-444a-b748-43fe09f21030)] -&amp;gt; xpath: //input[@id=&amp;apos;passwordlogin&amp;apos;]]
Session ID: 119bcf20-be07-444a-b748-43fe09f21030">
      <![CDATA[org.openqa.selenium.ElementNotInteractableException: Element <input id="passwordlogin" class="form-control ng-untouched ng-pristine ng-invalid is-invalid" type="password"> is not reachable by keyboard
Build info: version: '4.27.0', revision: 'd6e718d134'
System info: os.name: 'Windows 11', os.arch: 'amd64', os.version: '10.0', java.version: '24.0.1'
Driver info: org.openqa.selenium.firefox.FirefoxDriver
Command: [119bcf20-be07-444a-b748-43fe09f21030, sendKeysToElement {value=[Ljava.lang.CharSequence;@66aa5e8e, id=d40dfb15-fed8-460a-a789-ca2f5d24730f}]
Capabilities {acceptInsecureCerts: true, browserName: firefox, browserVersion: 141.0, moz:accessibilityChecks: false, moz:buildID: 20250717180000, moz:geckodriverVersion: 0.36.0, moz:headless: false, moz:platformVersion: 10.0, moz:processID: 25424, moz:profile: C:\Users\Lenovo\AppData\Loc..., moz:shutdownTimeout: 60000, moz:webdriverClick: true, moz:windowless: false, pageLoadStrategy: normal, platformName: windows, proxy: Proxy(), setWindowRect: true, strictFileInteractability: false, timeouts: {implicit: 0, pageLoad: 300000, script: 30000}, unhandledPromptBehavior: dismiss and notify, userAgent: Mozilla/5.0 (Windows NT 10....}
Element: [[FirefoxDriver: firefox on windows (119bcf20-be07-444a-b748-43fe09f21030)] -> xpath: //input[@id='passwordlogin']]
Session ID: 119bcf20-be07-444a-b748-43fe09f21030
at org.openqa.selenium.remote.ErrorCodec.decode(ErrorCodec.java:167)
at org.openqa.selenium.remote.codec.w3c.W3CHttpResponseCodec.decode(W3CHttpResponseCodec.java:138)
at org.openqa.selenium.remote.codec.w3c.W3CHttpResponseCodec.decode(W3CHttpResponseCodec.java:50)
at org.openqa.selenium.remote.HttpCommandExecutor.execute(HttpCommandExecutor.java:190)
at org.openqa.selenium.remote.service.DriverCommandExecutor.invokeExecute(DriverCommandExecutor.java:216)
at org.openqa.selenium.remote.service.DriverCommandExecutor.execute(DriverCommandExecutor.java:174)
at org.openqa.selenium.remote.RemoteWebDriver.execute(RemoteWebDriver.java:545)
at org.openqa.selenium.remote.RemoteWebElement.execute(RemoteWebElement.java:223)
at org.openqa.selenium.remote.RemoteWebElement.sendKeys(RemoteWebElement.java:110)
at practiceSet2.ExcelClass.Login(ExcelClass.java:51)
at java.base/java.util.ArrayList.forEach(ArrayList.java:1604)
at java.base/java.util.concurrent.FutureTask.run(FutureTask.java:328)
at java.base/java.util.concurrent.ThreadPoolExecutor.runWorker(ThreadPoolExecutor.java:1095)
at java.base/java.util.concurrent.ThreadPoolExecutor$Worker.run(ThreadPoolExecutor.java:619)
at java.base/java.lang.Thread.run(Thread.java:1447)
... Removed 18 stack frames]]>
    </failure>
  </testcase> <!-- Login -->
  <testcase classname="practiceSet2.ExcelClass" name="Login" time="0.259">
    <failure type="org.openqa.selenium.ElementClickInterceptedException" message="Element &amp;lt;button class=&amp;quot;btn btn-cta login-btn ml-auto&amp;quot; type=&amp;quot;button&amp;quot;&amp;gt; is not clickable at point (1347,105) because another element &amp;lt;div id=&amp;quot;login-msgbox-modal&amp;quot; class=&amp;quot;modal fade modal-vcenter common-modal show&amp;quot;&amp;gt; obscures it
Build info: version: &amp;apos;4.27.0&amp;apos;, revision: &amp;apos;d6e718d134&amp;apos;
System info: os.name: &amp;apos;Windows 11&amp;apos;, os.arch: &amp;apos;amd64&amp;apos;, os.version: &amp;apos;10.0&amp;apos;, java.version: &amp;apos;24.0.1&amp;apos;
Driver info: org.openqa.selenium.firefox.FirefoxDriver
Command: [119bcf20-be07-444a-b748-43fe09f21030, clickElement {id=3409950c-3507-40af-8cc6-b146f3f98b58}]
Capabilities {acceptInsecureCerts: true, browserName: firefox, browserVersion: 141.0, moz:accessibilityChecks: false, moz:buildID: 20250717180000, moz:geckodriverVersion: 0.36.0, moz:headless: false, moz:platformVersion: 10.0, moz:processID: 25424, moz:profile: C:\Users\Lenovo\AppData\Loc..., moz:shutdownTimeout: 60000, moz:webdriverClick: true, moz:windowless: false, pageLoadStrategy: normal, platformName: windows, proxy: Proxy(), setWindowRect: true, strictFileInteractability: false, timeouts: {implicit: 0, pageLoad: 300000, script: 30000}, unhandledPromptBehavior: dismiss and notify, userAgent: Mozilla/5.0 (Windows NT 10....}
Element: [[FirefoxDriver: firefox on windows (119bcf20-be07-444a-b748-43fe09f21030)] -&amp;gt; xpath: //button[normalize-space()=&amp;apos;Login&amp;apos;]]
Session ID: 119bcf20-be07-444a-b748-43fe09f21030">
      <![CDATA[org.openqa.selenium.ElementClickInterceptedException: Element <button class="btn btn-cta login-btn ml-auto" type="button"> is not clickable at point (1347,105) because another element <div id="login-msgbox-modal" class="modal fade modal-vcenter common-modal show"> obscures it
Build info: version: '4.27.0', revision: 'd6e718d134'
System info: os.name: 'Windows 11', os.arch: 'amd64', os.version: '10.0', java.version: '24.0.1'
Driver info: org.openqa.selenium.firefox.FirefoxDriver
Command: [119bcf20-be07-444a-b748-43fe09f21030, clickElement {id=3409950c-3507-40af-8cc6-b146f3f98b58}]
Capabilities {acceptInsecureCerts: true, browserName: firefox, browserVersion: 141.0, moz:accessibilityChecks: false, moz:buildID: 20250717180000, moz:geckodriverVersion: 0.36.0, moz:headless: false, moz:platformVersion: 10.0, moz:processID: 25424, moz:profile: C:\Users\Lenovo\AppData\Loc..., moz:shutdownTimeout: 60000, moz:webdriverClick: true, moz:windowless: false, pageLoadStrategy: normal, platformName: windows, proxy: Proxy(), setWindowRect: true, strictFileInteractability: false, timeouts: {implicit: 0, pageLoad: 300000, script: 30000}, unhandledPromptBehavior: dismiss and notify, userAgent: Mozilla/5.0 (Windows NT 10....}
Element: [[FirefoxDriver: firefox on windows (119bcf20-be07-444a-b748-43fe09f21030)] -> xpath: //button[normalize-space()='Login']]
Session ID: 119bcf20-be07-444a-b748-43fe09f21030
at org.openqa.selenium.remote.ErrorCodec.decode(ErrorCodec.java:167)
at org.openqa.selenium.remote.codec.w3c.W3CHttpResponseCodec.decode(W3CHttpResponseCodec.java:138)
at org.openqa.selenium.remote.codec.w3c.W3CHttpResponseCodec.decode(W3CHttpResponseCodec.java:50)
at org.openqa.selenium.remote.HttpCommandExecutor.execute(HttpCommandExecutor.java:190)
at org.openqa.selenium.remote.service.DriverCommandExecutor.invokeExecute(DriverCommandExecutor.java:216)
at org.openqa.selenium.remote.service.DriverCommandExecutor.execute(DriverCommandExecutor.java:174)
at org.openqa.selenium.remote.RemoteWebDriver.execute(RemoteWebDriver.java:545)
at org.openqa.selenium.remote.RemoteWebElement.execute(RemoteWebElement.java:223)
at org.openqa.selenium.remote.RemoteWebElement.click(RemoteWebElement.java:76)
at practiceSet2.ExcelClass.Login(ExcelClass.java:46)
at java.base/java.util.ArrayList.forEach(ArrayList.java:1604)
at java.base/java.util.concurrent.FutureTask.run(FutureTask.java:328)
at java.base/java.util.concurrent.ThreadPoolExecutor.runWorker(ThreadPoolExecutor.java:1095)
at java.base/java.util.concurrent.ThreadPoolExecutor$Worker.run(ThreadPoolExecutor.java:619)
at java.base/java.lang.Thread.run(Thread.java:1447)
... Removed 18 stack frames]]>
    </failure>
  </testcase> <!-- Login -->
</testsuite> <!-- FirefoxTest -->
