<?xml version="1.0" encoding="UTF-8"?>
<!-- Generated by org.testng.reporters.JUnitXMLReporter -->
<testsuite ignored="0" hostname="LAPTOP-LR60D6IR" failures="0" tests="4" name="Test" time="22.502" errors="0" timestamp="2025-08-17T06:23:32 IST">
  <testcase classname="systemSetProperty1.MouseHover" name="logintoapp" time="6.504"/>
  <testcase classname="systemSetProperty1.MouseHover" name="logintoapp" time="3.24"/>
  <testcase classname="systemSetProperty1.MouseHover" name="logintoapp" time="3.718"/>
  <testcase classname="systemSetProperty1.MouseHover" name="logintoapp" time="4.084"/>
</testsuite> <!-- Test -->
