<?xml version="1.0" encoding="UTF-8"?>
<testng-results ignored="0" total="1" passed="1" failed="0" skipped="0">
  <reporter-output>
  </reporter-output>
  <suite started-at="2025-10-05T10:55:00 IST" name="Default suite" finished-at="2025-10-05T10:55:10 IST" duration-ms="9731">
    <groups>
    </groups>
    <test started-at="2025-10-05T10:55:00 IST" name="Default test" finished-at="2025-10-05T10:55:10 IST" duration-ms="9731">
      <class name="pageObject4.TC_001_LoginClass">
        <test-method is-config="true" signature="openApp()[pri:0, instance:pageObject4.TC_001_LoginClass@5276d6ee]" started-at="2025-10-05T10:55:01 IST" name="openApp" finished-at="2025-10-05T10:55:09 IST" duration-ms="8535" status="PASS">
          <reporter-output>
          </reporter-output>
        </test-method> <!-- openApp -->
        <test-method signature="Login()[pri:0, instance:pageObject4.TC_001_LoginClass@5276d6ee]" started-at="2025-10-05T10:55:09 IST" name="Login" finished-at="2025-10-05T10:55:10 IST" duration-ms="1065" status="PASS">
          <reporter-output>
          </reporter-output>
        </test-method> <!-- Login -->
      </class> <!-- pageObject4.TC_001_LoginClass -->
    </test> <!-- Default test -->
  </suite> <!-- Default suite -->
</testng-results>
