<?xml version="1.0" encoding="UTF-8"?>
<testng-results ignored="0" total="1" passed="1" failed="0" skipped="0">
  <reporter-output>
  </reporter-output>
  <suite started-at="2025-08-23T19:44:54 IST" name="Default suite" finished-at="2025-08-23T19:45:06 IST" duration-ms="11856">
    <groups>
    </groups>
    <test started-at="2025-08-23T19:44:54 IST" name="Default test" finished-at="2025-08-23T19:45:06 IST" duration-ms="11856">
      <class name="practiceSet3.P3_SystemSetPro">
        <test-method signature="sliders()[pri:0, instance:practiceSet3.P3_SystemSetPro@3754a4bf]" started-at="2025-08-23T19:44:54 IST" name="sliders" finished-at="2025-08-23T19:45:06 IST" duration-ms="11756" status="PASS">
          <reporter-output>
          </reporter-output>
        </test-method> <!-- sliders -->
      </class> <!-- practiceSet3.P3_SystemSetPro -->
    </test> <!-- Default test -->
  </suite> <!-- Default suite -->
</testng-results>
