<?xml version="1.0" encoding="UTF-8"?>
<!-- Generated by org.testng.reporters.JUnitXMLReporter -->
<testsuite ignored="6" hostname="STI-PNQ2263" failures="0" tests="3" name="TestSuitesanity" time="0.067" errors="0" timestamp="2025-06-22T08:24:10 IST">
  <testcase classname="testNGgrouping.Signup" name="SignupByEmail" time="0.008"/>
  <testcase classname="testNGgrouping.Signup" name="SignupByFaceBook" time="0.003"/>
  <testcase classname="testNGgrouping.Signup" name="SignupBytwitter" time="0.001"/>
  <testcase classname="testNGgrouping.Login" name="loginByFaceBook" time="0.0">
    <ignored/>
  </testcase> <!-- loginByFaceBook -->
  <testcase classname="testNGgrouping.Payment" name="PaymentByDollar" time="0.0">
    <ignored/>
  </testcase> <!-- PaymentByDollar -->
  <testcase classname="testNGgrouping.Login" name="loginBytwitter" time="0.0">
    <ignored/>
  </testcase> <!-- loginBytwitter -->
  <testcase classname="testNGgrouping.Payment" name="paymentByDinar" time="0.0">
    <ignored/>
  </testcase> <!-- paymentByDinar -->
  <testcase classname="testNGgrouping.Login" name="loginByEmail" time="0.0">
    <ignored/>
  </testcase> <!-- loginByEmail -->
  <testcase classname="testNGgrouping.Payment" name="PaymentByRupees" time="0.0">
    <ignored/>
  </testcase> <!-- PaymentByRupees -->
</testsuite> <!-- TestSuitesanity -->
